<?xml version="1.0" encoding="UTF-8"?>
<!-- Generated by org.testng.reporters.JUnitReportReporter -->
<testsuite hostname="LAPTOP-F2M9NULS" failures="0" tests="1" name="com.excelr.automationexercise.Project2.TestScript_automationExcercise" time="30.070" errors="0" timestamp="2024-02-21T19:01:50 GMT" skipped="0">
  <testcase classname="com.excelr.automationexercise.Project2.TestScript_automationExcercise" name="registerUser" time="30.070"/>
</testsuite> <!-- com.excelr.automationexercise.Project2.TestScript_automationExcercise -->
